<?xml version="1.0" encoding="UTF-8"?>
<!-- Generated by org.testng.reporters.JUnitReportReporter -->
<testsuite hostname="MSI" failures="0" tests="1" name="testcase.LoginTc" time="23.980" errors="0" timestamp="2023-01-31T12:20:48 IST" skipped="0">
  <testcase classname="testcase.LoginTc" name="runLoginTC" time="23.980"/>
  <system-out/>
</testsuite> <!-- testcase.LoginTc -->
